<?xml version="1.0" encoding="UTF-8"?>
<!-- Generated by org.testng.reporters.JUnitXMLReporter -->
<testsuite hostname="Sean-PC" name="Test" tests="3" failures="0" timestamp="12 Feb 2017 18:03:33 GMT" time="8.916" errors="0">
  <testcase name="launchURL" time="1.489" classname="drivers.PerformGoogleSearch"/>
  <testcase name="performGoogleSearch" time="0.371" classname="drivers.PerformGoogleSearch"/>
  <testcase name="selectFirstSearchResult" time="2.81" classname="drivers.PerformGoogleSearch"/>
</testsuite> <!-- Test -->
